 ==================================================
 SUPPRESS_CRUSTAL_MESH F
 ONE_CRUST F
 CRUSTAL F
 HONOR_1D_SPHERICAL_MOHO T
 OCEANS F
 ------------------------------------------------
 ROCEAN   6368000.00000000     
 RMIDDLE_CRUST   6356000.00000000     
 RMOHO   6346600.00000000     
 R80   6291000.00000000     
 R120  -1.00000000000000     
 R220   6151000.00000000     
 R400   5971000.00000000     
 R600   5771000.00000000     
 R670   5701000.00000000     
 R771   5600000.00000000     
 RMOHO_FICTITIOUS_IN_MESHER   6346600.00000000     
 R80_FICTITIOUS_IN_MESHER   6291000.00000000     
 =================================================
